# JRE version: OpenJDK Runtime Environment (21.0.5) (build 21.0.5+-13047016-b750.29)
# Java VM: OpenJDK 64-Bit Server VM (21.0.5+-13047016-b750.29, mixed mode, tiered, compressed oops, compressed class ptrs, g1 gc, windows-amd64)
GC Precious Log:
 CardTable entry size: 512
 Card Set container configuration: InlinePtr #cards 5 size 8 Array Of Cards #cards 12 size 40 Howl #buckets 4 coarsen threshold 1843 Howl Bitmap #cards 512 size 80 coarsen threshold 460 Card regions per heap region 1 cards per card region 2048
 CPUs: 8 total, 8 available
 Memory: 7813M
 Large Page Support: Disabled
 NUMA Support: Disabled
 Compressed Oops: Enabled (32-bit)
 Heap Region Size: 1M
 Heap Min Capacity: 8M
 Heap Initial Capacity: 124M
 Heap Max Capacity: 2G
 Pre-touch: Disabled
 Parallel Workers: 8
 Concurrent Workers: 2
 Concurrent Refinement Workers: 8
 Periodic GC: Disabled
Heap:
 garbage-first heap   total 405504K, used 205232K [0x0000000080000000, 0x0000000100000000)
  region size 1024K, 55 young (56320K), 9 survivors (9216K)
 Metaspace       used 161043K, committed 163584K, reserved 1245184K
  class space    used 21348K, committed 22656K, reserved 1048576K
GC Heap History (20 events):
Event: 278.409 GC heap before
{Heap before GC invocations=69 (full 0):
 garbage-first heap   total 323584K, used 322002K [0x0000000080000000, 0x0000000100000000)
  region size 1024K, 120 young (122880K), 2 survivors (2048K)
 Metaspace       used 155083K, committed 157504K, reserved 1245184K
  class space    used 20976K, committed 22208K, reserved 1048576K
}
Event: 278.414 GC heap after
{Heap after GC invocations=70 (full 0):
 garbage-first heap   total 326656K, used 164636K [0x0000000080000000, 0x0000000100000000)
  region size 1024K, 3 young (3072K), 3 survivors (3072K)
 Metaspace       used 155083K, committed 157504K, reserved 1245184K
  class space    used 20976K, committed 22208K, reserved 1048576K
}
Event: 279.603 GC heap before
{Heap before GC invocations=70 (full 0):
 garbage-first heap   total 326656K, used 318236K [0x0000000080000000, 0x0000000100000000)
  region size 1024K, 137 young (140288K), 3 survivors (3072K)
 Metaspace       used 155373K, committed 157824K, reserved 1245184K
  class space    used 20979K, committed 22208K, reserved 1048576K
}
Event: 279.628 GC heap after
{Heap after GC invocations=71 (full 0):
 garbage-first heap   total 342016K, used 157975K [0x0000000080000000, 0x0000000100000000)
  region size 1024K, 12 young (12288K), 12 survivors (12288K)
 Metaspace       used 155373K, committed 157824K, reserved 1245184K
  class space    used 20979K, committed 22208K, reserved 1048576K
}
Event: 282.091 GC heap before
{Heap before GC invocations=71 (full 0):
 garbage-first heap   total 342016K, used 208151K [0x0000000080000000, 0x0000000100000000)
  region size 1024K, 63 young (64512K), 12 survivors (12288K)
 Metaspace       used 155432K, committed 157888K, reserved 1245184K
  class space    used 20981K, committed 22208K, reserved 1048576K
}
Event: 282.103 GC heap after
{Heap after GC invocations=72 (full 0):
 garbage-first heap   total 342016K, used 163030K [0x0000000080000000, 0x0000000100000000)
  region size 1024K, 14 young (14336K), 14 survivors (14336K)
 Metaspace       used 155432K, committed 157888K, reserved 1245184K
  class space    used 20981K, committed 22208K, reserved 1048576K
}
Event: 462.577 GC heap before
{Heap before GC invocations=73 (full 0):
 garbage-first heap   total 342016K, used 337110K [0x0000000080000000, 0x0000000100000000)
  region size 1024K, 156 young (159744K), 14 survivors (14336K)
 Metaspace       used 155798K, committed 158272K, reserved 1245184K
  class space    used 20998K, committed 22208K, reserved 1048576K
}
Event: 462.617 GC heap after
{Heap after GC invocations=74 (full 0):
 garbage-first heap   total 378880K, used 188291K [0x0000000080000000, 0x0000000100000000)
  region size 1024K, 20 young (20480K), 20 survivors (20480K)
 Metaspace       used 155798K, committed 158272K, reserved 1245184K
  class space    used 20998K, committed 22208K, reserved 1048576K
}
Event: 468.127 GC heap before
{Heap before GC invocations=74 (full 0):
 garbage-first heap   total 378880K, used 344963K [0x0000000080000000, 0x0000000100000000)
  region size 1024K, 159 young (162816K), 20 survivors (20480K)
 Metaspace       used 158983K, committed 161408K, reserved 1245184K
  class space    used 21266K, committed 22464K, reserved 1048576K
}
Event: 468.155 GC heap after
{Heap after GC invocations=75 (full 0):
 garbage-first heap   total 380928K, used 188875K [0x0000000080000000, 0x0000000100000000)
  region size 1024K, 11 young (11264K), 11 survivors (11264K)
 Metaspace       used 158983K, committed 161408K, reserved 1245184K
  class space    used 21266K, committed 22464K, reserved 1048576K
}
Event: 469.088 GC heap before
{Heap before GC invocations=75 (full 0):
 garbage-first heap   total 380928K, used 265675K [0x0000000080000000, 0x0000000100000000)
  region size 1024K, 88 young (90112K), 11 survivors (11264K)
 Metaspace       used 159083K, committed 161536K, reserved 1245184K
  class space    used 21266K, committed 22464K, reserved 1048576K
}
Event: 469.095 GC heap after
{Heap after GC invocations=76 (full 0):
 garbage-first heap   total 380928K, used 185856K [0x0000000080000000, 0x0000000100000000)
  region size 1024K, 8 young (8192K), 8 survivors (8192K)
 Metaspace       used 159083K, committed 161536K, reserved 1245184K
  class space    used 21266K, committed 22464K, reserved 1048576K
}
Event: 534.526 GC heap before
{Heap before GC invocations=77 (full 0):
 garbage-first heap   total 380928K, used 358400K [0x0000000080000000, 0x0000000100000000)
  region size 1024K, 162 young (165888K), 8 survivors (8192K)
 Metaspace       used 159874K, committed 162368K, reserved 1245184K
  class space    used 21267K, committed 22528K, reserved 1048576K
}
Event: 534.537 GC heap after
{Heap after GC invocations=78 (full 0):
 garbage-first heap   total 380928K, used 177561K [0x0000000080000000, 0x0000000100000000)
  region size 1024K, 10 young (10240K), 10 survivors (10240K)
 Metaspace       used 159874K, committed 162368K, reserved 1245184K
  class space    used 21267K, committed 22528K, reserved 1048576K
}
Event: 603.662 GC heap before
{Heap before GC invocations=78 (full 0):
 garbage-first heap   total 380928K, used 379289K [0x0000000080000000, 0x0000000100000000)
  region size 1024K, 170 young (174080K), 10 survivors (10240K)
 Metaspace       used 160128K, committed 162688K, reserved 1245184K
  class space    used 21267K, committed 22528K, reserved 1048576K
}
Event: 603.672 GC heap after
{Heap after GC invocations=79 (full 0):
 garbage-first heap   total 392192K, used 151482K [0x0000000080000000, 0x0000000100000000)
  region size 1024K, 7 young (7168K), 7 survivors (7168K)
 Metaspace       used 160128K, committed 162688K, reserved 1245184K
  class space    used 21267K, committed 22528K, reserved 1048576K
}
Event: 604.314 GC heap before
{Heap before GC invocations=79 (full 0):
 garbage-first heap   total 392192K, used 228282K [0x0000000080000000, 0x0000000100000000)
  region size 1024K, 84 young (86016K), 7 survivors (7168K)
 Metaspace       used 160250K, committed 162752K, reserved 1245184K
  class space    used 21271K, committed 22528K, reserved 1048576K
}
Event: 604.329 GC heap after
{Heap after GC invocations=80 (full 0):
 garbage-first heap   total 392192K, used 159926K [0x0000000080000000, 0x0000000100000000)
  region size 1024K, 15 young (15360K), 15 survivors (15360K)
 Metaspace       used 160250K, committed 162752K, reserved 1245184K
  class space    used 21271K, committed 22528K, reserved 1048576K
}
Event: 919.691 GC heap before
{Heap before GC invocations=81 (full 0):
 garbage-first heap   total 392192K, used 390326K [0x0000000080000000, 0x0000000100000000)
  region size 1024K, 203 young (207872K), 15 survivors (15360K)
 Metaspace       used 160530K, committed 163008K, reserved 1245184K
  class space    used 21277K, committed 22528K, reserved 1048576K
}
Event: 919.852 GC heap after
{Heap after GC invocations=82 (full 0):
 garbage-first heap   total 405504K, used 158128K [0x0000000080000000, 0x0000000100000000)
  region size 1024K, 9 young (9216K), 9 survivors (9216K)
 Metaspace       used 160530K, committed 163008K, reserved 1245184K
  class space    used 21277K, committed 22528K, reserved 1048576K
}

